RM  /home/marco/matrix_task/BUILD/PULP/GCC_RISCV/
CC  matrix.c
CC  /home/marco/pulp-sdk/rtos/pulpos/common/kernel/fll-v1.c
CC  /home/marco/pulp-sdk/rtos/pulpos/common/kernel/freq-domains.c
CC  /home/marco/pulp-sdk/rtos/pulpos/pulp/kernel/chips/pulp/soc.c
CC  /home/marco/pulp-sdk/rtos/pmsis/pmsis_bsp/fs/read_fs/read_fs.c
CC  /home/marco/pulp-sdk/rtos/pmsis/pmsis_bsp/fs/host_fs/semihost.c
CC  /home/marco/pulp-sdk/rtos/pmsis/pmsis_bsp/fs/host_fs/host_fs.c
CC  /home/marco/pulp-sdk/rtos/pmsis/pmsis_bsp/fs/fs.c
CC  /home/marco/pulp-sdk/rtos/pmsis/pmsis_bsp/bsp/pulp.c
CC  /home/marco/pulp-sdk/rtos/pulpos/common/lib/libc/minimal/io.c
CC  /home/marco/pulp-sdk/rtos/pulpos/common/lib/libc/minimal/fprintf.c
CC  /home/marco/pulp-sdk/rtos/pulpos/common/lib/libc/minimal/prf.c
CC  /home/marco/pulp-sdk/rtos/pulpos/common/lib/libc/minimal/sprintf.c
CC  /home/marco/pulp-sdk/rtos/pulpos/common/lib/libc/minimal/semihost.c
CC  /home/marco/pulp-sdk/rtos/pulpos/common/kernel/init.c
CC  /home/marco/pulp-sdk/rtos/pulpos/common/kernel/kernel.c
CC  /home/marco/pulp-sdk/rtos/pulpos/common/kernel/device.c
CC  /home/marco/pulp-sdk/rtos/pulpos/common/kernel/task.c
CC  /home/marco/pulp-sdk/rtos/pulpos/common/kernel/alloc.c
CC  /home/marco/pulp-sdk/rtos/pulpos/common/kernel/alloc_pool.c
CC  /home/marco/pulp-sdk/rtos/pulpos/common/kernel/irq.c
CC  /home/marco/pulp-sdk/rtos/pulpos/common/kernel/soc_event.c
CC  /home/marco/pulp-sdk/rtos/pulpos/common/kernel/log.c
CC  /home/marco/pulp-sdk/rtos/pulpos/common/kernel/time.c
CC  /home/marco/pulp-sdk/rtos/pulpos/pulp/drivers/uart/uart-v1.c
CC  /home/marco/pulp-sdk/rtos/pulpos/pulp/drivers/udma/udma-v3.c
CC  /home/marco/pulp-sdk/rtos/pulpos/pulp/drivers/cluster/cluster.c
CC  /home/marco/pulp-sdk/rtos/pulpos/common/kernel/crt0.S
CC  /home/marco/pulp-sdk/rtos/pulpos/common/kernel/irq_asm.S
CC  /home/marco/pulp-sdk/rtos/pulpos/common/kernel/task_asm.S
CC  /home/marco/pulp-sdk/rtos/pulpos/common/kernel/time_asm.S
CC  /home/marco/pulp-sdk/rtos/pulpos/common/kernel/soc_event_v2_itc.S
CC  /home/marco/pulp-sdk/rtos/pulpos/pulp/drivers/cluster/pe-eu-v3.S
LD  /home/marco/matrix_task/BUILD/PULP/GCC_RISCV//matrix_task/matrix_task
gvsoc --target=pulp-open --work-dir=/home/marco/matrix_task/BUILD/PULP/GCC_RISCV/ --binary=/home/marco/matrix_task/BUILD/PULP/GCC_RISCV//matrix_task/matrix_task --config-opt=cluster/nb_pe=8      image
gvsoc --target=pulp-open --work-dir=/home/marco/matrix_task/BUILD/PULP/GCC_RISCV/ --binary=/home/marco/matrix_task/BUILD/PULP/GCC_RISCV//matrix_task/matrix_task --config-opt=cluster/nb_pe=8      flash
gvsoc --target=pulp-open --work-dir=/home/marco/matrix_task/BUILD/PULP/GCC_RISCV/ --binary=/home/marco/matrix_task/BUILD/PULP/GCC_RISCV//matrix_task/matrix_task --config-opt=cluster/nb_pe=8      image flash run

====================================================
TASK: 2D Matrix Multiplication on PULP architecture
Free L2 space: 512.00 kiB
Used L2 space: 445.61 kiB
====================================================

>>> Matrix A (Input)
    Physical Address: 0x1c05a598
    Dimension: 195x195 (Visualize only 8x8)
 |    0    1    2    3    4    0    1    2 ... |
 |    0    1    2    3    4    0    1    2 ... |
 |    0    1    2    3    4    0    1    2 ... |
 |    0    1    2    3    4    0    1    2 ... |
 |    0    1    2    3    4    0    1    2 ... |
 |    0    1    2    3    4    0    1    2 ... |
 |    0    1    2    3    4    0    1    2 ... |
 |    0    1    2    3    4    0    1    2 ... |
 | ...  (other 187 rows) ... |

>>> Matrix B (Input)
    Physical Address: 0x1c035374
    Dimension: 195x195 (Visualize only 8x8)
 |    1    1    1    1    1    1    1    1 ... |
 |    1    1    1    1    1    1    1    1 ... |
 |    1    1    1    1    1    1    1    1 ... |
 |    1    1    1    1    1    1    1    1 ... |
 |    1    1    1    1    1    1    1    1 ... |
 |    1    1    1    1    1    1    1    1 ... |
 |    1    1    1    1    1    1    1    1 ... |
 |    1    1    1    1    1    1    1    1 ... |
 | ...  (other 187 rows) ... |

Calculation... Completed.

>>> Matrix C (Result)
    Physical Address: 0x1c010150
    Dimension: 195x195 (Visualize only 8x8)
 |  390  390  390  390  390  390  390  390 ... |
 |  390  390  390  390  390  390  390  390 ... |
 |  390  390  390  390  390  390  390  390 ... |
 |  390  390  390  390  390  390  390  390 ... |
 |  390  390  390  390  390  390  390  390 ... |
 |  390  390  390  390  390  390  390  390 ... |
 |  390  390  390  390  390  390  390  390 ... |
 |  390  390  390  390  390  390  390  390 ... |
 | ...  (other 187 rows) ... |

Task succesfully done.
